<?xml version="1.0" encoding="UTF-8"?>
<testsuite name="com.auth.units.use_case.auth.LogoutUseCaseTest" tests="4" skipped="0" failures="0" errors="0" timestamp="2026-04-11T19:26:31.354Z" hostname="mail.bassana.com" time="0.087">
  <properties/>
  <testcase name="unknownRefreshToken()" classname="com.auth.units.use_case.auth.LogoutUseCaseTest" time="0.06"/>
  <testcase name="alreadyRevoked()" classname="com.auth.units.use_case.auth.LogoutUseCaseTest" time="0.003"/>
  <testcase name="expiredSession()" classname="com.auth.units.use_case.auth.LogoutUseCaseTest" time="0.004"/>
  <testcase name="shouldRevokeSession()" classname="com.auth.units.use_case.auth.LogoutUseCaseTest" time="0.014"/>
  <system-out><![CDATA[]]></system-out>
  <system-err><![CDATA[]]></system-err>
</testsuite>
