<?xml version="1.0" encoding="UTF-8"?>
<testsuite name="com.auth.units.use_case.tokens.UpdateTokensUseCaseTest" tests="2" skipped="0" failures="0" errors="0" timestamp="2026-04-11T19:26:32.119Z" hostname="mail.bassana.com" time="0.01">
  <properties/>
  <testcase name="shouldUpdate()" classname="com.auth.units.use_case.tokens.UpdateTokensUseCaseTest" time="0.006"/>
  <testcase name="notFound()" classname="com.auth.units.use_case.tokens.UpdateTokensUseCaseTest" time="0.004"/>
  <system-out><![CDATA[]]></system-out>
  <system-err><![CDATA[]]></system-err>
</testsuite>
