<?xml version="1.0" encoding="UTF-8"?>
<testsuite name="com.auth.units.use_case.auth.RefreshTokenUseCaseTest" tests="3" skipped="0" failures="0" errors="0" timestamp="2026-04-11T19:26:31.449Z" hostname="mail.bassana.com" time="0.022">
  <properties/>
  <testcase name="shouldIssueNewAccessToken()" classname="com.auth.units.use_case.auth.RefreshTokenUseCaseTest" time="0.009"/>
  <testcase name="unknownToken()" classname="com.auth.units.use_case.auth.RefreshTokenUseCaseTest" time="0.005"/>
  <testcase name="revokedSession()" classname="com.auth.units.use_case.auth.RefreshTokenUseCaseTest" time="0.005"/>
  <system-out><![CDATA[]]></system-out>
  <system-err><![CDATA[]]></system-err>
</testsuite>
