<?xml version="1.0" encoding="UTF-8"?>
<testsuite name="com.auth.units.use_case.mfa_devices.CreateMfaDevicesUseCaseTest" tests="2" skipped="0" failures="0" errors="0" timestamp="2026-04-11T19:26:31.811Z" hostname="mail.bassana.com" time="0.065">
  <properties/>
  <testcase name="shouldCreate()" classname="com.auth.units.use_case.mfa_devices.CreateMfaDevicesUseCaseTest" time="0.061"/>
  <testcase name="validationBlocksSave()" classname="com.auth.units.use_case.mfa_devices.CreateMfaDevicesUseCaseTest" time="0.003"/>
  <system-out><![CDATA[]]></system-out>
  <system-err><![CDATA[]]></system-err>
</testsuite>
