<?xml version="1.0" encoding="UTF-8"?>
<testsuite name="com.auth.units.use_case.auth.RegisterUseCaseTest" tests="2" skipped="0" failures="0" errors="0" timestamp="2026-04-11T19:26:31.479Z" hostname="mail.bassana.com" time="0.062">
  <properties/>
  <testcase name="emailAlreadyRegistered()" classname="com.auth.units.use_case.auth.RegisterUseCaseTest" time="0.046"/>
  <testcase name="shouldCreateUserProfileCredentialsAndIssueSession()" classname="com.auth.units.use_case.auth.RegisterUseCaseTest" time="0.014"/>
  <system-out><![CDATA[]]></system-out>
  <system-err><![CDATA[]]></system-err>
</testsuite>
