<?xml version="1.0" encoding="UTF-8"?>
<testsuite name="DeleteCredentialsUseCase" tests="3" skipped="0" failures="0" errors="0" timestamp="2026-04-11T19:26:31.736Z" hostname="mail.bassana.com" time="0.011">
  <properties/>
  <testcase name="shouldDeleteWhenExists()" classname="com.auth.units.use_case.credentials.DeleteCredentialsUseCaseTest" time="0.004"/>
  <testcase name="invalidPublicId_throwsFromValidator()" classname="com.auth.units.use_case.credentials.DeleteCredentialsUseCaseTest" time="0.003"/>
  <testcase name="shouldThrowWhenNotFound()" classname="com.auth.units.use_case.credentials.DeleteCredentialsUseCaseTest" time="0.003"/>
  <system-out><![CDATA[]]></system-out>
  <system-err><![CDATA[]]></system-err>
</testsuite>
