<?xml version="1.0" encoding="UTF-8"?>
<testsuite name="valid field variations (happy path)" tests="3" skipped="0" failures="0" errors="0" timestamp="2026-04-11T19:26:31.629Z" hostname="mail.bassana.com" time="0.031">
  <properties/>
  <testcase name="email a@b.co" classname="com.auth.units.use_case.credentials.CreateCredentialUseCaseTest$ValidVariations" time="0.016"/>
  <testcase name="email alias+tag@domain.example" classname="com.auth.units.use_case.credentials.CreateCredentialUseCaseTest$ValidVariations" time="0.006"/>
  <testcase name="shouldAcceptOptionalNonBlankPasswordSalt()" classname="com.auth.units.use_case.credentials.CreateCredentialUseCaseTest$ValidVariations" time="0.004"/>
  <system-out><![CDATA[]]></system-out>
  <system-err><![CDATA[]]></system-err>
</testsuite>
