<?xml version="1.0" encoding="UTF-8"?>
<testsuite name="com.auth.units.use_case.tokens.DeleteTokensUseCaseTest" tests="2" skipped="0" failures="0" errors="0" timestamp="2026-04-11T19:26:32.085Z" hostname="mail.bassana.com" time="0.009">
  <properties/>
  <testcase name="notFound()" classname="com.auth.units.use_case.tokens.DeleteTokensUseCaseTest" time="0.005"/>
  <testcase name="deletesWhenPresent()" classname="com.auth.units.use_case.tokens.DeleteTokensUseCaseTest" time="0.003"/>
  <system-out><![CDATA[]]></system-out>
  <system-err><![CDATA[]]></system-err>
</testsuite>
