<?xml version="1.0" encoding="UTF-8"?>
<testsuite name="validation failures (BusinessError, save never called)" tests="10" skipped="0" failures="0" errors="0" timestamp="2026-04-11T19:26:31.672Z" hostname="mail.bassana.com" time="0.057">
  <properties/>
  <testcase name="invalid email: null" classname="com.auth.units.use_case.credentials.CreateCredentialUseCaseTest$ValidationFailures" time="0.005"/>
  <testcase name="invalid email: " classname="com.auth.units.use_case.credentials.CreateCredentialUseCaseTest$ValidationFailures" time="0.004"/>
  <testcase name="invalid email: bademail" classname="com.auth.units.use_case.credentials.CreateCredentialUseCaseTest$ValidationFailures" time="0.002"/>
  <testcase name="invalid email: a@b" classname="com.auth.units.use_case.credentials.CreateCredentialUseCaseTest$ValidationFailures" time="0.004"/>
  <testcase name="invalid email: user@" classname="com.auth.units.use_case.credentials.CreateCredentialUseCaseTest$ValidationFailures" time="0.004"/>
  <testcase name="shouldRejectBlankPasswordSaltWhenPresent()" classname="com.auth.units.use_case.credentials.CreateCredentialUseCaseTest$ValidationFailures" time="0.002"/>
  <testcase name="shouldRejectNullUserId()" classname="com.auth.units.use_case.credentials.CreateCredentialUseCaseTest$ValidationFailures" time="0.003"/>
  <testcase name="invalid hashedPassword: null" classname="com.auth.units.use_case.credentials.CreateCredentialUseCaseTest$ValidationFailures" time="0.004"/>
  <testcase name="invalid hashedPassword: short" classname="com.auth.units.use_case.credentials.CreateCredentialUseCaseTest$ValidationFailures" time="0.003"/>
  <testcase name="invalid hashedPassword: not-a-bcrypt" classname="com.auth.units.use_case.credentials.CreateCredentialUseCaseTest$ValidationFailures" time="0.004"/>
  <system-out><![CDATA[]]></system-out>
  <system-err><![CDATA[]]></system-err>
</testsuite>
