<?xml version="1.0" encoding="UTF-8"?>
<testsuite name="CreateSessionsUseCase" tests="3" skipped="0" failures="0" errors="0" timestamp="2026-04-11T19:26:31.943Z" hostname="mail.bassana.com" time="0.013">
  <properties/>
  <testcase name="validationFailure_neverSaves()" classname="com.auth.units.use_case.sessions.CreateSessionsUseCaseTest" time="0.004"/>
  <testcase name="savePropagates()" classname="com.auth.units.use_case.sessions.CreateSessionsUseCaseTest" time="0.003"/>
  <testcase name="shouldValidateAssignNanoidAndSave()" classname="com.auth.units.use_case.sessions.CreateSessionsUseCaseTest" time="0.004"/>
  <system-out><![CDATA[]]></system-out>
  <system-err><![CDATA[]]></system-err>
</testsuite>
