<?xml version="1.0" encoding="UTF-8"?>
<testsuite name="UpdateCredentialsUseCase" tests="4" skipped="0" failures="0" errors="0" timestamp="2026-04-11T19:26:31.789Z" hostname="mail.bassana.com" time="0.018">
  <properties/>
  <testcase name="shouldThrowWhenCredentialNotFound()" classname="com.auth.units.use_case.credentials.UpdateCredentialsUseCaseTest" time="0.005"/>
  <testcase name="invalidPublicId_throwsFromValidator()" classname="com.auth.units.use_case.credentials.UpdateCredentialsUseCaseTest" time="0.003"/>
  <testcase name="shouldUpdateFieldsAndSave()" classname="com.auth.units.use_case.credentials.UpdateCredentialsUseCaseTest" time="0.005"/>
  <testcase name="saveFailure_propagates()" classname="com.auth.units.use_case.credentials.UpdateCredentialsUseCaseTest" time="0.003"/>
  <system-out><![CDATA[]]></system-out>
  <system-err><![CDATA[]]></system-err>
</testsuite>
