<?xml version="1.0" encoding="UTF-8"?>
<testsuite name="CreateCredentialsUseCase (full coverage)" tests="2" skipped="0" failures="0" errors="0" timestamp="2026-04-11T19:26:31.547Z" hostname="mail.bassana.com" time="0.023">
  <properties/>
  <testcase name="should propagate exception when repository.save fails" classname="com.auth.units.use_case.credentials.CreateCredentialUseCaseTest" time="0.014"/>
  <testcase name="should validate, assign publicId (nanoid), set fields and save credential" classname="com.auth.units.use_case.credentials.CreateCredentialUseCaseTest" time="0.007"/>
  <system-out><![CDATA[]]></system-out>
  <system-err><![CDATA[]]></system-err>
</testsuite>
