<?xml version="1.0" encoding="UTF-8"?>
<testsuite name="com.auth.units.use_case.tokens.GetTokensUseCaseTest" tests="5" skipped="0" failures="0" errors="0" timestamp="2026-04-11T19:26:32.098Z" hostname="mail.bassana.com" time="0.017">
  <properties/>
  <testcase name="nullType()" classname="com.auth.units.use_case.tokens.GetTokensUseCaseTest" time="0.003"/>
  <testcase name="findByPublicId()" classname="com.auth.units.use_case.tokens.GetTokensUseCaseTest" time="0.003"/>
  <testcase name="findByType()" classname="com.auth.units.use_case.tokens.GetTokensUseCaseTest" time="0.002"/>
  <testcase name="invalidPublicId()" classname="com.auth.units.use_case.tokens.GetTokensUseCaseTest" time="0.002"/>
  <testcase name="findByValue()" classname="com.auth.units.use_case.tokens.GetTokensUseCaseTest" time="0.003"/>
  <system-out><![CDATA[]]></system-out>
  <system-err><![CDATA[]]></system-err>
</testsuite>
