<?xml version="1.0" encoding="UTF-8"?>
<testsuite name="GetCredentialsUseCase" tests="6" skipped="0" failures="0" errors="0" timestamp="2026-04-11T19:26:31.752Z" hostname="mail.bassana.com" time="0.033">
  <properties/>
  <testcase name="nullUserId_throwsBeforeRepository()" classname="com.auth.units.use_case.credentials.GetCredentialsUseCaseTest" time="0.005"/>
  <testcase name="findByEmail_delegatesAfterValidation()" classname="com.auth.units.use_case.credentials.GetCredentialsUseCaseTest" time="0.007"/>
  <testcase name="findByUserId_delegatesAfterValidation()" classname="com.auth.units.use_case.credentials.GetCredentialsUseCaseTest" time="0.004"/>
  <testcase name="invalidPublicId_throwsBeforeRepository()" classname="com.auth.units.use_case.credentials.GetCredentialsUseCaseTest" time="0.004"/>
  <testcase name="findByPublicId_delegatesAfterValidation()" classname="com.auth.units.use_case.credentials.GetCredentialsUseCaseTest" time="0.004"/>
  <testcase name="invalidEmail_throwsBeforeRepository()" classname="com.auth.units.use_case.credentials.GetCredentialsUseCaseTest" time="0.004"/>
  <system-out><![CDATA[]]></system-out>
  <system-err><![CDATA[]]></system-err>
</testsuite>
