<?xml version="1.0" encoding="UTF-8"?>
<testsuite name="com.auth.units.use_case.sessions.DeleteSessionsUseCaseTest" tests="2" skipped="0" failures="0" errors="0" timestamp="2026-04-11T19:26:31.961Z" hostname="mail.bassana.com" time="0.01">
  <properties/>
  <testcase name="notFound()" classname="com.auth.units.use_case.sessions.DeleteSessionsUseCaseTest" time="0.006"/>
  <testcase name="deletesWhenPresent()" classname="com.auth.units.use_case.sessions.DeleteSessionsUseCaseTest" time="0.003"/>
  <system-out><![CDATA[]]></system-out>
  <system-err><![CDATA[]]></system-err>
</testsuite>
